<?xml version="1.0" encoding="UTF-8"?>
<!-- Generated by org.testng.reporters.JUnitXMLReporter -->
<testsuite hostname="DESKTOP-18F0CA9" name="Default test" tests="4" failures="0" timestamp="14 Apr 2019 16:04:11 GMT" time="0.036" errors="0">
  <testcase name="Consulting2" time="0.009" classname="test.facebook.GroupingOn"/>
  <testcase name="talentTEK1" time="0.0" classname="test.facebook.GroupingOn"/>
  <testcase name="talentTEK2" time="0.0" classname="test.facebook.GroupingOn"/>
  <testcase name="talentTEK_Consulting" time="0.001" classname="test.facebook.GroupingOn"/>
</testsuite> <!-- Default test -->
