<?xml version="1.0" encoding="UTF-8"?>
<!-- Generated by org.testng.reporters.JUnitXMLReporter -->
<testsuite hostname="DESKTOP-18F0CA9" name="Default test" tests="4" failures="0" timestamp="31 Mar 2019 15:49:54 GMT" time="0.036" errors="0">
  <testcase name="LoginTest" time="0.013" classname="test.facebook.PriorityPrec"/>
  <testcase name="changePass" time="0.001" classname="test.facebook.PriorityPrec"/>
  <testcase name="LogOuttest" time="0.001" classname="test.facebook.PriorityPrec"/>
  <testcase name="goingToSkipTest" time="0.001" classname="test.facebook.PriorityPrec">
    <skipped/>
  </testcase> <!-- goingToSkipTest -->
</testsuite> <!-- Default test -->
