<?xml version="1.0" encoding="UTF-8"?>
<!-- Generated by org.testng.reporters.JUnitXMLReporter -->
<testsuite hostname="DESKTOP-18F0CA9" name="Test in Chrome" tests="9" failures="0" timestamp="14 Apr 2019 15:52:45 GMT" time="0.036" errors="0">
  <testcase name="my2Test" time="0.005" classname="test.facebook.AnnotationPrec"/>
  <testcase name="myTest" time="0.001" classname="test.facebook.AnnotationPrec"/>
  <testcase name="openBrowser" time="0.001" classname="test.facebook.DepandingOn"/>
  <testcase name="SignIn" time="0.001" classname="test.facebook.DepandingOn"/>
  <testcase name="LogOut" time="0.001" classname="test.facebook.DepandingOn"/>
  <testcase name="Consulting2" time="0.001" classname="test.facebook.GroupingOn"/>
  <testcase name="talentTEK1" time="0.0" classname="test.facebook.GroupingOn"/>
  <testcase name="talentTEK2" time="0.001" classname="test.facebook.GroupingOn"/>
  <testcase name="talentTEK_Consulting" time="0.001" classname="test.facebook.GroupingOn"/>
</testsuite> <!-- Test in Chrome -->
