<?xml version="1.0" encoding="UTF-8"?>
<!-- Generated by org.testng.reporters.JUnitXMLReporter -->
<testsuite hostname="DESKTOP-18F0CA9" name="Test in Chrome" tests="7" failures="0" timestamp="14 Apr 2019 16:16:58 GMT" time="0.042" errors="0">
  <testcase name="openBrowser" time="0.016" classname="test.facebook.DepandingOn"/>
  <testcase name="SignIn" time="0.0" classname="test.facebook.DepandingOn"/>
  <testcase name="LogOut" time="0.001" classname="test.facebook.DepandingOn"/>
  <testcase name="Consulting2" time="0.001" classname="test.facebook.GroupingOn"/>
  <testcase name="talentTEK1" time="0.001" classname="test.facebook.GroupingOn"/>
  <testcase name="talentTEK2" time="0.0" classname="test.facebook.GroupingOn"/>
  <testcase name="talentTEK_Consulting" time="0.001" classname="test.facebook.GroupingOn"/>
</testsuite> <!-- Test in Chrome -->
