<?xml version="1.0" encoding="UTF-8"?>
<testng-results skipped="1" failed="0" total="4" passed="3">
  <reporter-output>
  </reporter-output>
  <suite name="Default suite" duration-ms="36" started-at="2019-03-31T15:49:54Z" finished-at="2019-03-31T15:49:54Z">
    <groups>
    </groups>
    <test name="Default test" duration-ms="36" started-at="2019-03-31T15:49:54Z" finished-at="2019-03-31T15:49:54Z">
      <class name="test.facebook.PriorityPrec">
        <test-method status="PASS" signature="LoginTest()[pri:0, instance:test.facebook.PriorityPrec@5f150435]" name="LoginTest" duration-ms="13" started-at="2019-03-31T11:49:54Z" finished-at="2019-03-31T11:49:54Z">
          <reporter-output>
          </reporter-output>
        </test-method> <!-- LoginTest -->
        <test-method status="PASS" signature="changePass()[pri:2, instance:test.facebook.PriorityPrec@5f150435]" name="changePass" duration-ms="1" started-at="2019-03-31T11:49:54Z" finished-at="2019-03-31T11:49:54Z">
          <reporter-output>
          </reporter-output>
        </test-method> <!-- changePass -->
        <test-method status="PASS" signature="LogOuttest()[pri:3, instance:test.facebook.PriorityPrec@5f150435]" name="LogOuttest" duration-ms="1" started-at="2019-03-31T11:49:54Z" finished-at="2019-03-31T11:49:54Z">
          <reporter-output>
          </reporter-output>
        </test-method> <!-- LogOuttest -->
        <test-method status="SKIP" signature="goingToSkipTest()[pri:4, instance:test.facebook.PriorityPrec@5f150435]" name="goingToSkipTest" duration-ms="1" started-at="2019-03-31T11:49:54Z" finished-at="2019-03-31T11:49:54Z">
          <exception class="org.testng.SkipException">
            <message>
              <![CDATA[use ticket name -requirment changed to skipping it]]>
            </message>
            <full-stacktrace>
              <![CDATA[org.testng.SkipException: use ticket name -requirment changed to skipping it
	at test.facebook.PriorityPrec.goingToSkipTest(PriorityPrec.java:24)
	at sun.reflect.NativeMethodAccessorImpl.invoke0(Native Method)
	at sun.reflect.NativeMethodAccessorImpl.invoke(NativeMethodAccessorImpl.java:62)
	at sun.reflect.DelegatingMethodAccessorImpl.invoke(DelegatingMethodAccessorImpl.java:43)
	at java.lang.reflect.Method.invoke(Method.java:498)
	at org.testng.internal.MethodInvocationHelper.invokeMethod(MethodInvocationHelper.java:86)
	at org.testng.internal.Invoker.invokeMethod(Invoker.java:645)
	at org.testng.internal.Invoker.invokeTestMethod(Invoker.java:822)
	at org.testng.internal.Invoker.invokeTestMethods(Invoker.java:1130)
	at org.testng.internal.TestMethodWorker.invokeTestMethods(TestMethodWorker.java:129)
	at org.testng.internal.TestMethodWorker.run(TestMethodWorker.java:112)
	at org.testng.TestRunner.privateRun(TestRunner.java:782)
	at org.testng.TestRunner.run(TestRunner.java:632)
	at org.testng.SuiteRunner.runTest(SuiteRunner.java:366)
	at org.testng.SuiteRunner.runSequentially(SuiteRunner.java:361)
	at org.testng.SuiteRunner.privateRun(SuiteRunner.java:319)
	at org.testng.SuiteRunner.run(SuiteRunner.java:268)
	at org.testng.SuiteRunnerWorker.runSuite(SuiteRunnerWorker.java:52)
	at org.testng.SuiteRunnerWorker.run(SuiteRunnerWorker.java:86)
	at org.testng.TestNG.runSuitesSequentially(TestNG.java:1244)
	at org.testng.TestNG.runSuitesLocally(TestNG.java:1169)
	at org.testng.TestNG.run(TestNG.java:1064)
	at org.testng.remote.RemoteTestNG.run(RemoteTestNG.java:113)
	at org.testng.remote.RemoteTestNG.initAndRun(RemoteTestNG.java:206)
	at org.testng.remote.RemoteTestNG.main(RemoteTestNG.java:177)
]]>
            </full-stacktrace>
          </exception> <!-- org.testng.SkipException -->
          <reporter-output>
          </reporter-output>
        </test-method> <!-- goingToSkipTest -->
      </class> <!-- test.facebook.PriorityPrec -->
    </test> <!-- Default test -->
  </suite> <!-- Default suite -->
</testng-results>
